Starting Monte Carlo Sampling...

Current time: Sun Apr 21 13:06:57 2024 

Variation: All
Sampling Method: Low-Discrepancy Sequence
Seed: 

MonteCarlo.61
Number of points completed: 200
Number of simulation errors: 0
MonteCarlo.61 completed. 
Current time: Sun Apr 21 13:29:29 2024 
Monte Carlo Sampling yield summary:
Number of spec values are in this yield data: 48
S1	Nominal - 
	'001:	Yield	100%
		Min 3.69645e-08	Max 1.16438e-06	Mean 1.96151e-07	Number of errors 0
S1	Nominal - 
	'010:	Yield	100%
		Min 3.21648e-08	Max 1.12857e-06	Mean 1.81576e-07	Number of errors 0
S1	Nominal - 
	'011:	Yield	100%
		Min 3.60589e-08	Max 1.31177e-06	Mean 2.02708e-07	Number of errors 0
S1	Nominal - 
	'100:	Yield	100%
		Min 3.28023e-08	Max 1.19293e-06	Mean 1.91211e-07	Number of errors 0
S1	Nominal - 
	'101:	Yield	100%
		Min 3.83789e-08	Max 1.4413e-06	Mean 2.22778e-07	Number of errors 0
S1	Nominal - 
	'110:	Yield	100%
		Min 4.1062e-08	Max 1.37396e-06	Mean 2.167e-07	Number of errors 0
S1	Nominal - 
	'111:	Yield	100%
		Min 3.92883e-08	Max 1.33081e-06	Mean 2.07445e-07	Number of errors 0
S1	Nominal - 
	1-000:	Yield	100%
		Min 3.35035e-08	Max 1.06771e-06	Mean 1.80759e-07	Number of errors 0
S2	Nominal - 
	'00000:	Yield	100%
		Min 2.38861e-08	Max 8.12203e-07	Mean 1.27634e-07	Number of errors 0
S2	Nominal - 
	'00001:	Yield	100%
		Min 2.54172e-08	Max 8.75413e-07	Mean 1.37365e-07	Number of errors 0
S2	Nominal - 
	'00010:	Yield	100%
		Min 2.75281e-08	Max 8.77349e-07	Mean 1.42563e-07	Number of errors 0
S2	Nominal - 
	'00011:	Yield	100%
		Min 2.87034e-08	Max 9.30661e-07	Mean 1.47684e-07	Number of errors 0
S2	Nominal - 
	'00100:	Yield	100%
		Min 2.29365e-08	Max 8.16805e-07	Mean 1.27134e-07	Number of errors 0
S2	Nominal - 
	'00101:	Yield	100%
		Min 2.29364e-08	Max 8.16785e-07	Mean 1.27133e-07	Number of errors 0
S2	Nominal - 
	'00110:	Yield	100%
		Min 2.24833e-08	Max 7.55285e-07	Mean 1.21967e-07	Number of errors 0
S2	Nominal - 
	'00111:	Yield	100%
		Min 2.27503e-08	Max 8.04765e-07	Mean 1.24611e-07	Number of errors 0
S2	Nominal - 
	'01000:	Yield	100%
		Min 2.12906e-08	Max 8.26081e-07	Mean 1.2724e-07	Number of errors 0
S2	Nominal - 
	'01001:	Yield	100%
		Min 2.12905e-08	Max 8.26067e-07	Mean 1.27238e-07	Number of errors 0
S2	Nominal - 
	'01010:	Yield	100%
		Min 2.08632e-08	Max 7.64553e-07	Mean 1.22091e-07	Number of errors 0
S2	Nominal - 
	'01011:	Yield	100%
		Min 2.12553e-08	Max 8.14089e-07	Mean 1.24865e-07	Number of errors 0
S2	Nominal - 
	'01100:	Yield	100%
		Min 2.52544e-08	Max 8.66457e-07	Mean 1.33113e-07	Number of errors 0
S2	Nominal - 
	'01101:	Yield	100%
		Min 2.58858e-08	Max 9.33437e-07	Mean 1.41602e-07	Number of errors 0
S2	Nominal - 
	'01110:	Yield	100%
		Min 2.73688e-08	Max 9.96764e-07	Mean 1.51349e-07	Number of errors 0
S2	Nominal - 
	'01111:	Yield	100%
		Min 2.64162e-08	Max 1.00044e-06	Mean 1.50091e-07	Number of errors 0
S2	Nominal - 
	'10000:	Yield	100%
		Min 2.06098e-08	Max 8.18839e-07	Mean 1.25482e-07	Number of errors 0
S2	Nominal - 
	'10001:	Yield	100%
		Min 2.06089e-08	Max 8.18783e-07	Mean 1.25478e-07	Number of errors 0
S2	Nominal - 
	'10010:	Yield	100%
		Min 2.0228e-08	Max 7.57254e-07	Mean 1.20346e-07	Number of errors 0
S2	Nominal - 
	'10011:	Yield	100%
		Min 2.0805e-08	Max 8.06927e-07	Mean 1.23355e-07	Number of errors 0
S2	Nominal - 
	'10100:	Yield	100%
		Min 2.03026e-08	Max 8.25912e-07	Mean 1.26614e-07	Number of errors 0
S2	Nominal - 
	'10101:	Yield	100%
		Min 2.03025e-08	Max 8.25883e-07	Mean 1.26611e-07	Number of errors 0
S2	Nominal - 
	'10110:	Yield	100%
		Min 1.98541e-08	Max 7.6436e-07	Mean 1.21462e-07	Number of errors 0
S2	Nominal - 
	'10111:	Yield	100%
		Min 2.00922e-08	Max 8.13833e-07	Mean 1.24081e-07	Number of errors 0
S2	Nominal - 
	'11000:	Yield	100%
		Min 2.28232e-08	Max 8.89273e-07	Mean 1.36974e-07	Number of errors 0
S2	Nominal - 
	'11001:	Yield	100%
		Min 2.28231e-08	Max 8.89269e-07	Mean 1.36973e-07	Number of errors 0
S2	Nominal - 
	'11010:	Yield	100%
		Min 2.23062e-08	Max 8.17619e-07	Mean 1.27543e-07	Number of errors 0
S2	Nominal - 
	'11011:	Yield	100%
		Min 2.26189e-08	Max 8.67119e-07	Mean 1.30231e-07	Number of errors 0
S2	Nominal - 
	'11100:	Yield	100%
		Min 2.35079e-08	Max 9.22463e-07	Mean 1.36864e-07	Number of errors 0
S2	Nominal - 
	'11101:	Yield	100%
		Min 2.32013e-08	Max 9.2958e-07	Mean 1.37975e-07	Number of errors 0
S2	Nominal - 
	'11110:	Yield	100%
		Min 2.31949e-08	Max 9.29571e-07	Mean 1.37973e-07	Number of errors 0
S2	Nominal - 
	'11111:	Yield	100%
		Min 2.28847e-08	Max 9.36687e-07	Mean 1.39084e-07	Number of errors 0
S3	Nominal - 
	'000:	Yield	100%
		Min 2.12963e-08	Max 7.19155e-07	Mean 1.15756e-07	Number of errors 0
S3	Nominal - 
	'001:	Yield	100%
		Min 1.89645e-08	Max 7.57483e-07	Mean 1.17673e-07	Number of errors 0
S3	Nominal - 
	'010:	Yield	100%
		Min 2.04583e-08	Max 7.2388e-07	Mean 1.1576e-07	Number of errors 0
S3	Nominal - 
	'011:	Yield	100%
		Min 2.36667e-08	Max 7.75698e-07	Mean 1.23564e-07	Number of errors 0
S3	Nominal - 
	'100:	Yield	100%
		Min 2.08054e-08	Max 7.78785e-07	Mean 1.23032e-07	Number of errors 0
S3	Nominal - 
	'101:	Yield	100%
		Min 1.77933e-08	Max 7.05453e-07	Mean 1.10424e-07	Number of errors 0
S3	Nominal - 
	'110:	Yield	100%
		Min 2.05024e-08	Max 7.85892e-07	Mean 1.24168e-07	Number of errors 0
S3	Nominal - 
	'111:	Yield	100%
		Min 1.84648e-08	Max 7.20665e-07	Mean 1.12213e-07	Number of errors 0

S1
	Overall Yield	100%	Number of points passed	200	Total number of points	200

S2
	Overall Yield	100%	Number of points passed	200	Total number of points	200

S3
	Overall Yield	100%	Number of points passed	200	Total number of points	200

Estimated yield = 100% (200/200), 0 errors
Estimated yield (No opregions) = 100% (200/200)
