Starting Monte Carlo Sampling...

Current time: Thu Apr 18 18:13:47 2024 

Variation: All
Sampling Method: Low-Discrepancy Sequence
Seed: 

MonteCarlo.54
Number of points completed: 200
Number of simulation errors: 0
MonteCarlo.54 completed. 
Current time: Thu Apr 18 18:18:33 2024 
Monte Carlo Sampling yield summary:
Number of spec values are in this yield data: 8
FinalProject:CUT2:1	Nominal - 
	'001:	Yield	100%
		Min 3.69645e-08	Max 1.16438e-06	Mean 1.96151e-07	Number of errors 0
FinalProject:CUT2:1	Nominal - 
	'010:	Yield	100%
		Min 3.21648e-08	Max 1.12857e-06	Mean 1.81576e-07	Number of errors 0
FinalProject:CUT2:1	Nominal - 
	'011:	Yield	100%
		Min 3.60589e-08	Max 1.31177e-06	Mean 2.02708e-07	Number of errors 0
FinalProject:CUT2:1	Nominal - 
	'100:	Yield	100%
		Min 3.28023e-08	Max 1.19293e-06	Mean 1.91211e-07	Number of errors 0
FinalProject:CUT2:1	Nominal - 
	'101:	Yield	100%
		Min 3.83789e-08	Max 1.4413e-06	Mean 2.22778e-07	Number of errors 0
FinalProject:CUT2:1	Nominal - 
	'110:	Yield	100%
		Min 4.1062e-08	Max 1.37396e-06	Mean 2.167e-07	Number of errors 0
FinalProject:CUT2:1	Nominal - 
	'111:	Yield	100%
		Min 3.92883e-08	Max 1.33081e-06	Mean 2.07445e-07	Number of errors 0
FinalProject:CUT2:1	Nominal - 
	1-000:	Yield	100%
		Min 3.35035e-08	Max 1.06771e-06	Mean 1.80759e-07	Number of errors 0

FinalProject:CUT2:1
	Overall Yield	100%	Number of points passed	200	Total number of points	200

Estimated yield = 100% (200/200), 0 errors
Estimated yield (No opregions) = 100% (200/200)
