Starting Monte Carlo Sampling...

Current time: Fri Apr 19 20:29:07 2024 

Variation: All
Sampling Method: Low-Discrepancy Sequence
Seed: 

MonteCarlo.59
Number of points completed: 200
Number of simulation errors: 0
MonteCarlo.59 completed. 
Current time: Fri Apr 19 20:52:50 2024 
Monte Carlo Sampling yield summary:
Number of spec values are in this yield data: 48
S1	Nominal - 
	'001:	Yield	100%
		Min 3.7184e-08	Max 1.17487e-06	Mean 1.94289e-07	Number of errors 0
S1	Nominal - 
	'010:	Yield	100%
		Min 3.23861e-08	Max 1.13905e-06	Mean 1.83528e-07	Number of errors 0
S1	Nominal - 
	'011:	Yield	100%
		Min 3.62778e-08	Max 1.32226e-06	Mean 2.04658e-07	Number of errors 0
S1	Nominal - 
	'100:	Yield	100%
		Min 3.30222e-08	Max 1.20341e-06	Mean 1.93162e-07	Number of errors 0
S1	Nominal - 
	'101:	Yield	100%
		Min 3.85989e-08	Max 1.45179e-06	Mean 2.2473e-07	Number of errors 0
S1	Nominal - 
	'110:	Yield	100%
		Min 4.12826e-08	Max 1.38444e-06	Mean 2.18651e-07	Number of errors 0
S1	Nominal - 
	'111:	Yield	100%
		Min 3.95078e-08	Max 1.34129e-06	Mean 2.09396e-07	Number of errors 0
S1	Nominal - 
	1-000:	Yield	100%
		Min 3.37269e-08	Max 1.07819e-06	Mean 1.78679e-07	Number of errors 0
S2	Nominal - 
	'00000:	Yield	100%
		Min 2.41176e-08	Max 8.22683e-07	Mean 1.29586e-07	Number of errors 0
S2	Nominal - 
	'00001:	Yield	100%
		Min 2.56372e-08	Max 8.85889e-07	Mean 1.39316e-07	Number of errors 0
S2	Nominal - 
	'00010:	Yield	100%
		Min 2.77478e-08	Max 8.8784e-07	Mean 1.44515e-07	Number of errors 0
S2	Nominal - 
	'00011:	Yield	100%
		Min 2.89351e-08	Max 8.7767e-07	Mean 1.49171e-07	Number of errors 0
S2	Nominal - 
	'00100:	Yield	100%
		Min 2.31576e-08	Max 8.27295e-07	Mean 1.29086e-07	Number of errors 0
S2	Nominal - 
	'00101:	Yield	100%
		Min 2.31576e-08	Max 8.27271e-07	Mean 1.29084e-07	Number of errors 0
S2	Nominal - 
	'00110:	Yield	100%
		Min 2.27038e-08	Max 7.65764e-07	Mean 1.23918e-07	Number of errors 0
S2	Nominal - 
	'00111:	Yield	100%
		Min 2.29712e-08	Max 8.15245e-07	Mean 1.26563e-07	Number of errors 0
S2	Nominal - 
	'01000:	Yield	100%
		Min 2.15104e-08	Max 8.36563e-07	Mean 1.29191e-07	Number of errors 0
S2	Nominal - 
	'01001:	Yield	100%
		Min 2.15102e-08	Max 8.36548e-07	Mean 1.29189e-07	Number of errors 0
S2	Nominal - 
	'01010:	Yield	100%
		Min 2.10837e-08	Max 7.75032e-07	Mean 1.24042e-07	Number of errors 0
S2	Nominal - 
	'01011:	Yield	100%
		Min 2.14754e-08	Max 8.24568e-07	Mean 1.26816e-07	Number of errors 0
S2	Nominal - 
	'01100:	Yield	100%
		Min 2.55181e-08	Max 8.76944e-07	Mean 1.35057e-07	Number of errors 0
S2	Nominal - 
	'01101:	Yield	100%
		Min 2.60959e-08	Max 9.43919e-07	Mean 1.43554e-07	Number of errors 0
S2	Nominal - 
	'01110:	Yield	100%
		Min 2.75991e-08	Max 1.00725e-06	Mean 1.533e-07	Number of errors 0
S2	Nominal - 
	'01111:	Yield	100%
		Min 2.66341e-08	Max 1.01092e-06	Mean 1.52043e-07	Number of errors 0
S2	Nominal - 
	'10000:	Yield	100%
		Min 2.08285e-08	Max 8.29312e-07	Mean 1.27433e-07	Number of errors 0
S2	Nominal - 
	'10001:	Yield	100%
		Min 2.08282e-08	Max 8.29263e-07	Mean 1.27429e-07	Number of errors 0
S2	Nominal - 
	'10010:	Yield	100%
		Min 2.04478e-08	Max 7.67742e-07	Mean 1.22297e-07	Number of errors 0
S2	Nominal - 
	'10011:	Yield	100%
		Min 2.10258e-08	Max 8.17404e-07	Mean 1.25306e-07	Number of errors 0
S2	Nominal - 
	'10100:	Yield	100%
		Min 2.0522e-08	Max 8.36391e-07	Mean 1.28565e-07	Number of errors 0
S2	Nominal - 
	'10101:	Yield	100%
		Min 2.05219e-08	Max 8.36364e-07	Mean 1.28563e-07	Number of errors 0
S2	Nominal - 
	'10110:	Yield	100%
		Min 2.00736e-08	Max 7.74839e-07	Mean 1.23413e-07	Number of errors 0
S2	Nominal - 
	'10111:	Yield	100%
		Min 2.03118e-08	Max 8.24315e-07	Mean 1.26033e-07	Number of errors 0
S2	Nominal - 
	'11000:	Yield	100%
		Min 2.30431e-08	Max 8.99754e-07	Mean 1.38926e-07	Number of errors 0
S2	Nominal - 
	'11001:	Yield	100%
		Min 2.3043e-08	Max 8.9975e-07	Mean 1.38924e-07	Number of errors 0
S2	Nominal - 
	'11010:	Yield	100%
		Min 2.25555e-08	Max 8.28097e-07	Mean 1.29496e-07	Number of errors 0
S2	Nominal - 
	'11011:	Yield	100%
		Min 2.28724e-08	Max 8.77594e-07	Mean 1.32184e-07	Number of errors 0
S2	Nominal - 
	'11100:	Yield	100%
		Min 2.37302e-08	Max 9.32948e-07	Mean 1.38815e-07	Number of errors 0
S2	Nominal - 
	'11101:	Yield	100%
		Min 2.34201e-08	Max 9.40056e-07	Mean 1.39926e-07	Number of errors 0
S2	Nominal - 
	'11110:	Yield	100%
		Min 2.34158e-08	Max 9.40051e-07	Mean 1.39924e-07	Number of errors 0
S2	Nominal - 
	'11111:	Yield	100%
		Min 2.3105e-08	Max 9.47166e-07	Mean 1.41035e-07	Number of errors 0
S3	Nominal - 
	'000:	Yield	100%
		Min 2.15177e-08	Max 7.29629e-07	Mean 1.17045e-07	Number of errors 0
S3	Nominal - 
	'001:	Yield	100%
		Min 1.91841e-08	Max 7.67962e-07	Mean 1.19625e-07	Number of errors 0
S3	Nominal - 
	'010:	Yield	100%
		Min 2.06794e-08	Max 7.3436e-07	Mean 1.17711e-07	Number of errors 0
S3	Nominal - 
	'011:	Yield	100%
		Min 2.38851e-08	Max 7.86177e-07	Mean 1.25515e-07	Number of errors 0
S3	Nominal - 
	'100:	Yield	100%
		Min 2.10252e-08	Max 7.89257e-07	Mean 1.24983e-07	Number of errors 0
S3	Nominal - 
	'101:	Yield	100%
		Min 1.80129e-08	Max 7.15925e-07	Mean 1.12375e-07	Number of errors 0
S3	Nominal - 
	'110:	Yield	100%
		Min 2.07223e-08	Max 7.96367e-07	Mean 1.26119e-07	Number of errors 0
S3	Nominal - 
	'111:	Yield	100%
		Min 1.86843e-08	Max 7.31142e-07	Mean 1.14164e-07	Number of errors 0

S1
	Overall Yield	100%	Number of points passed	200	Total number of points	200

S2
	Overall Yield	100%	Number of points passed	200	Total number of points	200

S3
	Overall Yield	100%	Number of points passed	200	Total number of points	200

Estimated yield = 100% (200/200), 0 errors
Estimated yield (No opregions) = 100% (200/200)
