Starting Monte Carlo Sampling...

Current time: Fri Apr 19 21:52:34 2024 

Variation: All
Sampling Method: Low-Discrepancy Sequence
Seed: 

MonteCarlo.61
Number of points completed: 200
Number of simulation errors: 0
MonteCarlo.61 completed. 
Current time: Fri Apr 19 22:15:44 2024 
Monte Carlo Sampling yield summary:
Number of spec values are in this yield data: 48
S1	Nominal - 
	'001:	Yield	100%
		Min 3.74895e-08	Max 1.19389e-06	Mean 1.98501e-07	Number of errors 0
S1	Nominal - 
	'010:	Yield	100%
		Min 3.42269e-08	Max 1.15808e-06	Mean 1.90022e-07	Number of errors 0
S1	Nominal - 
	'011:	Yield	100%
		Min 3.81202e-08	Max 1.34126e-06	Mean 2.11145e-07	Number of errors 0
S1	Nominal - 
	'100:	Yield	100%
		Min 3.48649e-08	Max 1.22244e-06	Mean 1.99657e-07	Number of errors 0
S1	Nominal - 
	'101:	Yield	100%
		Min 4.04416e-08	Max 1.47081e-06	Mean 2.31224e-07	Number of errors 0
S1	Nominal - 
	'110:	Yield	100%
		Min 4.31247e-08	Max 1.40348e-06	Mean 2.25146e-07	Number of errors 0
S1	Nominal - 
	'111:	Yield	100%
		Min 4.13511e-08	Max 1.36032e-06	Mean 2.15891e-07	Number of errors 0
S1	Nominal - 
	1-000:	Yield	100%
		Min 3.40347e-08	Max 1.0972e-06	Mean 1.82422e-07	Number of errors 0
S2	Nominal - 
	'00000:	Yield	100%
		Min 2.59564e-08	Max 8.41713e-07	Mean 1.36079e-07	Number of errors 0
S2	Nominal - 
	'00001:	Yield	100%
		Min 2.74902e-08	Max 9.04914e-07	Mean 1.45808e-07	Number of errors 0
S2	Nominal - 
	'00010:	Yield	100%
		Min 2.95907e-08	Max 9.06866e-07	Mean 1.51007e-07	Number of errors 0
S2	Nominal - 
	'00011:	Yield	100%
		Min 3.07846e-08	Max 8.96705e-07	Mean 1.47074e-07	Number of errors 0
S2	Nominal - 
	'00100:	Yield	100%
		Min 2.49996e-08	Max 8.46316e-07	Mean 1.35579e-07	Number of errors 0
S2	Nominal - 
	'00101:	Yield	100%
		Min 2.49995e-08	Max 8.46291e-07	Mean 1.35578e-07	Number of errors 0
S2	Nominal - 
	'00110:	Yield	100%
		Min 2.45458e-08	Max 7.84787e-07	Mean 1.30411e-07	Number of errors 0
S2	Nominal - 
	'00111:	Yield	100%
		Min 2.48127e-08	Max 8.34268e-07	Mean 1.33056e-07	Number of errors 0
S2	Nominal - 
	'01000:	Yield	100%
		Min 2.33531e-08	Max 8.55594e-07	Mean 1.35686e-07	Number of errors 0
S2	Nominal - 
	'01001:	Yield	100%
		Min 2.33529e-08	Max 8.55573e-07	Mean 1.35684e-07	Number of errors 0
S2	Nominal - 
	'01010:	Yield	100%
		Min 2.29256e-08	Max 7.94063e-07	Mean 1.30537e-07	Number of errors 0
S2	Nominal - 
	'01011:	Yield	100%
		Min 2.33176e-08	Max 8.43599e-07	Mean 1.33311e-07	Number of errors 0
S2	Nominal - 
	'01100:	Yield	100%
		Min 2.74391e-08	Max 8.96005e-07	Mean 1.41562e-07	Number of errors 0
S2	Nominal - 
	'01101:	Yield	100%
		Min 2.79442e-08	Max 9.62955e-07	Mean 1.50049e-07	Number of errors 0
S2	Nominal - 
	'01110:	Yield	100%
		Min 2.94676e-08	Max 1.02628e-06	Mean 1.59795e-07	Number of errors 0
S2	Nominal - 
	'01111:	Yield	100%
		Min 2.84772e-08	Max 1.02995e-06	Mean 1.58537e-07	Number of errors 0
S2	Nominal - 
	'10000:	Yield	100%
		Min 2.26715e-08	Max 8.48348e-07	Mean 1.33928e-07	Number of errors 0
S2	Nominal - 
	'10001:	Yield	100%
		Min 2.2671e-08	Max 8.4829e-07	Mean 1.33923e-07	Number of errors 0
S2	Nominal - 
	'10010:	Yield	100%
		Min 2.22899e-08	Max 7.86764e-07	Mean 1.28791e-07	Number of errors 0
S2	Nominal - 
	'10011:	Yield	100%
		Min 2.28665e-08	Max 8.36438e-07	Mean 1.318e-07	Number of errors 0
S2	Nominal - 
	'10100:	Yield	100%
		Min 2.23647e-08	Max 8.5542e-07	Mean 1.35059e-07	Number of errors 0
S2	Nominal - 
	'10101:	Yield	100%
		Min 2.23645e-08	Max 8.55394e-07	Mean 1.35057e-07	Number of errors 0
S2	Nominal - 
	'10110:	Yield	100%
		Min 2.19162e-08	Max 7.93869e-07	Mean 1.29908e-07	Number of errors 0
S2	Nominal - 
	'10111:	Yield	100%
		Min 2.21543e-08	Max 8.43343e-07	Mean 1.32527e-07	Number of errors 0
S2	Nominal - 
	'11000:	Yield	100%
		Min 2.4886e-08	Max 9.18781e-07	Mean 1.4542e-07	Number of errors 0
S2	Nominal - 
	'11001:	Yield	100%
		Min 2.48856e-08	Max 9.18777e-07	Mean 1.45419e-07	Number of errors 0
S2	Nominal - 
	'11010:	Yield	100%
		Min 2.43758e-08	Max 8.47126e-07	Mean 1.35993e-07	Number of errors 0
S2	Nominal - 
	'11011:	Yield	100%
		Min 2.46149e-08	Max 8.96627e-07	Mean 1.3868e-07	Number of errors 0
S2	Nominal - 
	'11100:	Yield	100%
		Min 2.55784e-08	Max 9.51972e-07	Mean 1.4531e-07	Number of errors 0
S2	Nominal - 
	'11101:	Yield	100%
		Min 2.52637e-08	Max 9.59092e-07	Mean 1.46421e-07	Number of errors 0
S2	Nominal - 
	'11110:	Yield	100%
		Min 2.52596e-08	Max 9.59088e-07	Mean 1.46419e-07	Number of errors 0
S2	Nominal - 
	'11111:	Yield	100%
		Min 2.49473e-08	Max 9.66203e-07	Mean 1.4753e-07	Number of errors 0
S3	Nominal - 
	'000:	Yield	100%
		Min 2.18279e-08	Max 6.85288e-07	Mean 1.15304e-07	Number of errors 0
S3	Nominal - 
	'001:	Yield	100%
		Min 2.1027e-08	Max 7.23608e-07	Mean 1.23942e-07	Number of errors 0
S3	Nominal - 
	'010:	Yield	100%
		Min 2.25216e-08	Max 6.90005e-07	Mean 1.22029e-07	Number of errors 0
S3	Nominal - 
	'011:	Yield	100%
		Min 2.57157e-08	Max 8.05206e-07	Mean 1.32e-07	Number of errors 0
S3	Nominal - 
	'100:	Yield	100%
		Min 2.28676e-08	Max 8.08291e-07	Mean 1.31478e-07	Number of errors 0
S3	Nominal - 
	'101:	Yield	100%
		Min 1.98555e-08	Max 7.34957e-07	Mean 1.18869e-07	Number of errors 0
S3	Nominal - 
	'110:	Yield	100%
		Min 2.25649e-08	Max 8.15398e-07	Mean 1.32614e-07	Number of errors 0
S3	Nominal - 
	'111:	Yield	100%
		Min 2.0527e-08	Max 7.50173e-07	Mean 1.20659e-07	Number of errors 0

S1
	Overall Yield	100%	Number of points passed	200	Total number of points	200

S2
	Overall Yield	100%	Number of points passed	200	Total number of points	200

S3
	Overall Yield	100%	Number of points passed	200	Total number of points	200

Estimated yield = 100% (200/200), 0 errors
Estimated yield (No opregions) = 100% (200/200)
