Starting Monte Carlo Sampling...

Current time: Fri Apr 19 23:26:31 2024 

Variation: All
Sampling Method: Low-Discrepancy Sequence
Seed: 

MonteCarlo.64
Number of points completed: 200
Number of simulation errors: 0
MonteCarlo.64 completed. 
Current time: Fri Apr 19 23:49:31 2024 
Monte Carlo Sampling yield summary:
Number of spec values are in this yield data: 48
S1	Nominal - 
	'001:	Yield	100%
		Min 3.79209e-08	Max 1.19932e-06	Mean 2.00174e-07	Number of errors 0
S1	Nominal - 
	'010:	Yield	100%
		Min 3.46537e-08	Max 1.16352e-06	Mean 1.91695e-07	Number of errors 0
S1	Nominal - 
	'011:	Yield	100%
		Min 3.85484e-08	Max 1.34669e-06	Mean 2.12819e-07	Number of errors 0
S1	Nominal - 
	'100:	Yield	100%
		Min 3.5294e-08	Max 1.22787e-06	Mean 2.0133e-07	Number of errors 0
S1	Nominal - 
	'101:	Yield	100%
		Min 4.08702e-08	Max 1.47625e-06	Mean 2.32897e-07	Number of errors 0
S1	Nominal - 
	'110:	Yield	100%
		Min 4.35622e-08	Max 1.40891e-06	Mean 2.26819e-07	Number of errors 0
S1	Nominal - 
	'111:	Yield	100%
		Min 4.17798e-08	Max 1.36576e-06	Mean 2.17563e-07	Number of errors 0
S1	Nominal - 
	1-000:	Yield	100%
		Min 3.44651e-08	Max 1.10264e-06	Mean 1.84095e-07	Number of errors 0
S2	Nominal - 
	'00000:	Yield	100%
		Min 2.63845e-08	Max 8.47148e-07	Mean 1.37752e-07	Number of errors 0
S2	Nominal - 
	'00001:	Yield	100%
		Min 2.79108e-08	Max 9.10355e-07	Mean 1.47482e-07	Number of errors 0
S2	Nominal - 
	'00010:	Yield	100%
		Min 3.00192e-08	Max 9.12301e-07	Mean 1.52681e-07	Number of errors 0
S2	Nominal - 
	'00011:	Yield	100%
		Min 3.12012e-08	Max 9.02122e-07	Mean 1.49091e-07	Number of errors 0
S2	Nominal - 
	'00100:	Yield	100%
		Min 2.54282e-08	Max 8.51751e-07	Mean 1.37252e-07	Number of errors 0
S2	Nominal - 
	'00101:	Yield	100%
		Min 2.54267e-08	Max 8.51726e-07	Mean 1.37251e-07	Number of errors 0
S2	Nominal - 
	'00110:	Yield	100%
		Min 2.49747e-08	Max 7.90228e-07	Mean 1.32085e-07	Number of errors 0
S2	Nominal - 
	'00111:	Yield	100%
		Min 2.52417e-08	Max 8.39704e-07	Mean 1.34729e-07	Number of errors 0
S2	Nominal - 
	'01000:	Yield	100%
		Min 2.37824e-08	Max 8.61018e-07	Mean 1.37358e-07	Number of errors 0
S2	Nominal - 
	'01001:	Yield	100%
		Min 2.37816e-08	Max 8.61006e-07	Mean 1.37356e-07	Number of errors 0
S2	Nominal - 
	'01010:	Yield	100%
		Min 2.33542e-08	Max 7.99498e-07	Mean 1.3221e-07	Number of errors 0
S2	Nominal - 
	'01011:	Yield	100%
		Min 2.37465e-08	Max 8.49035e-07	Mean 1.34984e-07	Number of errors 0
S2	Nominal - 
	'01100:	Yield	100%
		Min 2.79191e-08	Max 9.01425e-07	Mean 1.43241e-07	Number of errors 0
S2	Nominal - 
	'01101:	Yield	100%
		Min 2.83677e-08	Max 9.68383e-07	Mean 1.51721e-07	Number of errors 0
S2	Nominal - 
	'01110:	Yield	100%
		Min 2.98954e-08	Max 1.03171e-06	Mean 1.61468e-07	Number of errors 0
S2	Nominal - 
	'01111:	Yield	100%
		Min 2.89058e-08	Max 1.03538e-06	Mean 1.6021e-07	Number of errors 0
S2	Nominal - 
	'10000:	Yield	100%
		Min 2.31002e-08	Max 8.53786e-07	Mean 1.35601e-07	Number of errors 0
S2	Nominal - 
	'10001:	Yield	100%
		Min 2.31e-08	Max 8.53726e-07	Mean 1.35596e-07	Number of errors 0
S2	Nominal - 
	'10010:	Yield	100%
		Min 2.27186e-08	Max 7.92199e-07	Mean 1.30464e-07	Number of errors 0
S2	Nominal - 
	'10011:	Yield	100%
		Min 2.32951e-08	Max 8.41873e-07	Mean 1.33474e-07	Number of errors 0
S2	Nominal - 
	'10100:	Yield	100%
		Min 2.27934e-08	Max 8.60846e-07	Mean 1.36732e-07	Number of errors 0
S2	Nominal - 
	'10101:	Yield	100%
		Min 2.27933e-08	Max 8.60822e-07	Mean 1.3673e-07	Number of errors 0
S2	Nominal - 
	'10110:	Yield	100%
		Min 2.23448e-08	Max 7.99303e-07	Mean 1.31581e-07	Number of errors 0
S2	Nominal - 
	'10111:	Yield	100%
		Min 2.2583e-08	Max 8.48778e-07	Mean 1.342e-07	Number of errors 0
S2	Nominal - 
	'11000:	Yield	100%
		Min 2.53149e-08	Max 9.24219e-07	Mean 1.47093e-07	Number of errors 0
S2	Nominal - 
	'11001:	Yield	100%
		Min 2.53144e-08	Max 9.24213e-07	Mean 1.47092e-07	Number of errors 0
S2	Nominal - 
	'11010:	Yield	100%
		Min 2.47989e-08	Max 8.52559e-07	Mean 1.37663e-07	Number of errors 0
S2	Nominal - 
	'11011:	Yield	100%
		Min 2.5114e-08	Max 9.02058e-07	Mean 1.4035e-07	Number of errors 0
S2	Nominal - 
	'11100:	Yield	100%
		Min 2.60103e-08	Max 9.57411e-07	Mean 1.46983e-07	Number of errors 0
S2	Nominal - 
	'11101:	Yield	100%
		Min 2.56912e-08	Max 9.64523e-07	Mean 1.48094e-07	Number of errors 0
S2	Nominal - 
	'11110:	Yield	100%
		Min 2.56885e-08	Max 9.64522e-07	Mean 1.48092e-07	Number of errors 0
S2	Nominal - 
	'11111:	Yield	100%
		Min 2.53761e-08	Max 9.71639e-07	Mean 1.49203e-07	Number of errors 0
S3	Nominal - 
	'000:	Yield	100%
		Min 2.22569e-08	Max 6.90713e-07	Mean 1.17297e-07	Number of errors 0
S3	Nominal - 
	'001:	Yield	100%
		Min 2.14555e-08	Max 7.92422e-07	Mean 1.2716e-07	Number of errors 0
S3	Nominal - 
	'010:	Yield	100%
		Min 2.29494e-08	Max 7.58819e-07	Mean 1.25247e-07	Number of errors 0
S3	Nominal - 
	'011:	Yield	100%
		Min 2.61444e-08	Max 8.10641e-07	Mean 1.33676e-07	Number of errors 0
S3	Nominal - 
	'100:	Yield	100%
		Min 2.32964e-08	Max 8.13727e-07	Mean 1.33151e-07	Number of errors 0
S3	Nominal - 
	'101:	Yield	100%
		Min 2.02841e-08	Max 7.40392e-07	Mean 1.20542e-07	Number of errors 0
S3	Nominal - 
	'110:	Yield	100%
		Min 2.29936e-08	Max 8.20829e-07	Mean 1.34286e-07	Number of errors 0
S3	Nominal - 
	'111:	Yield	100%
		Min 2.09555e-08	Max 7.55607e-07	Mean 1.22332e-07	Number of errors 0

S1
	Overall Yield	100%	Number of points passed	200	Total number of points	200

S2
	Overall Yield	100%	Number of points passed	200	Total number of points	200

S3
	Overall Yield	100%	Number of points passed	200	Total number of points	200

Estimated yield = 100% (200/200), 0 errors
Estimated yield (No opregions) = 100% (200/200)
