Starting Monte Carlo Sampling...

Current time: Sat Apr 20 00:07:04 2024 

Variation: All
Sampling Method: Low-Discrepancy Sequence
Seed: 

MonteCarlo.65
Number of points completed: 200
Number of simulation errors: 0
MonteCarlo.65 completed. 
Current time: Sat Apr 20 00:30:49 2024 
Monte Carlo Sampling yield summary:
Number of spec values are in this yield data: 48
S1	Nominal - 
	'001:	Yield	100%
		Min 3.70742e-08	Max 1.18845e-06	Mean 1.96849e-07	Number of errors 0
S1	Nominal - 
	'010:	Yield	100%
		Min 3.38092e-08	Max 1.15265e-06	Mean 1.88371e-07	Number of errors 0
S1	Nominal - 
	'011:	Yield	100%
		Min 3.77018e-08	Max 1.33583e-06	Mean 2.09495e-07	Number of errors 0
S1	Nominal - 
	'100:	Yield	100%
		Min 3.4447e-08	Max 1.217e-06	Mean 1.98005e-07	Number of errors 0
S1	Nominal - 
	'101:	Yield	100%
		Min 4.00234e-08	Max 1.46538e-06	Mean 2.29572e-07	Number of errors 0
S1	Nominal - 
	'110:	Yield	100%
		Min 4.27066e-08	Max 1.39804e-06	Mean 2.23494e-07	Number of errors 0
S1	Nominal - 
	'111:	Yield	100%
		Min 4.09355e-08	Max 1.35489e-06	Mean 2.14238e-07	Number of errors 0
S1	Nominal - 
	1-000:	Yield	100%
		Min 3.36193e-08	Max 1.09177e-06	Mean 1.80846e-07	Number of errors 0
S2	Nominal - 
	'00000:	Yield	100%
		Min 2.55273e-08	Max 8.36285e-07	Mean 1.34427e-07	Number of errors 0
S2	Nominal - 
	'00001:	Yield	100%
		Min 2.70641e-08	Max 8.99479e-07	Mean 1.44156e-07	Number of errors 0
S2	Nominal - 
	'00010:	Yield	100%
		Min 2.91723e-08	Max 9.01434e-07	Mean 1.49355e-07	Number of errors 0
S2	Nominal - 
	'00011:	Yield	100%
		Min 3.03558e-08	Max 8.91257e-07	Mean 1.47996e-07	Number of errors 0
S2	Nominal - 
	'00100:	Yield	100%
		Min 2.45815e-08	Max 8.40882e-07	Mean 1.33928e-07	Number of errors 0
S2	Nominal - 
	'00101:	Yield	100%
		Min 2.45815e-08	Max 8.40855e-07	Mean 1.33926e-07	Number of errors 0
S2	Nominal - 
	'00110:	Yield	100%
		Min 2.41257e-08	Max 7.79361e-07	Mean 1.2876e-07	Number of errors 0
S2	Nominal - 
	'00111:	Yield	100%
		Min 2.43928e-08	Max 8.28843e-07	Mean 1.31405e-07	Number of errors 0
S2	Nominal - 
	'01000:	Yield	100%
		Min 2.29355e-08	Max 8.50147e-07	Mean 1.34033e-07	Number of errors 0
S2	Nominal - 
	'01001:	Yield	100%
		Min 2.29354e-08	Max 8.50134e-07	Mean 1.34031e-07	Number of errors 0
S2	Nominal - 
	'01010:	Yield	100%
		Min 2.25077e-08	Max 7.88631e-07	Mean 1.28885e-07	Number of errors 0
S2	Nominal - 
	'01011:	Yield	100%
		Min 2.29004e-08	Max 8.3816e-07	Mean 1.31658e-07	Number of errors 0
S2	Nominal - 
	'01100:	Yield	100%
		Min 2.69676e-08	Max 8.9056e-07	Mean 1.39912e-07	Number of errors 0
S2	Nominal - 
	'01101:	Yield	100%
		Min 2.75131e-08	Max 9.5751e-07	Mean 1.48396e-07	Number of errors 0
S2	Nominal - 
	'01110:	Yield	100%
		Min 2.90388e-08	Max 1.02084e-06	Mean 1.58143e-07	Number of errors 0
S2	Nominal - 
	'01111:	Yield	100%
		Min 2.8059e-08	Max 1.02451e-06	Mean 1.56885e-07	Number of errors 0
S2	Nominal - 
	'10000:	Yield	100%
		Min 2.22534e-08	Max 8.42908e-07	Mean 1.32275e-07	Number of errors 0
S2	Nominal - 
	'10001:	Yield	100%
		Min 2.22532e-08	Max 8.42855e-07	Mean 1.32271e-07	Number of errors 0
S2	Nominal - 
	'10010:	Yield	100%
		Min 2.18726e-08	Max 7.81335e-07	Mean 1.27139e-07	Number of errors 0
S2	Nominal - 
	'10011:	Yield	100%
		Min 2.24495e-08	Max 8.31001e-07	Mean 1.30149e-07	Number of errors 0
S2	Nominal - 
	'10100:	Yield	100%
		Min 2.19463e-08	Max 8.49979e-07	Mean 1.33407e-07	Number of errors 0
S2	Nominal - 
	'10101:	Yield	100%
		Min 2.19464e-08	Max 8.49953e-07	Mean 1.33405e-07	Number of errors 0
S2	Nominal - 
	'10110:	Yield	100%
		Min 2.1498e-08	Max 7.88436e-07	Mean 1.28255e-07	Number of errors 0
S2	Nominal - 
	'10111:	Yield	100%
		Min 2.17361e-08	Max 8.37905e-07	Mean 1.30875e-07	Number of errors 0
S2	Nominal - 
	'11000:	Yield	100%
		Min 2.44681e-08	Max 9.13347e-07	Mean 1.43768e-07	Number of errors 0
S2	Nominal - 
	'11001:	Yield	100%
		Min 2.44675e-08	Max 9.1334e-07	Mean 1.43766e-07	Number of errors 0
S2	Nominal - 
	'11010:	Yield	100%
		Min 2.39467e-08	Max 8.41691e-07	Mean 1.34343e-07	Number of errors 0
S2	Nominal - 
	'11011:	Yield	100%
		Min 2.4258e-08	Max 8.91183e-07	Mean 1.37029e-07	Number of errors 0
S2	Nominal - 
	'11100:	Yield	100%
		Min 2.51575e-08	Max 9.46536e-07	Mean 1.43658e-07	Number of errors 0
S2	Nominal - 
	'11101:	Yield	100%
		Min 2.48447e-08	Max 9.53655e-07	Mean 1.44769e-07	Number of errors 0
S2	Nominal - 
	'11110:	Yield	100%
		Min 2.48409e-08	Max 9.53653e-07	Mean 1.44767e-07	Number of errors 0
S2	Nominal - 
	'11111:	Yield	100%
		Min 2.45293e-08	Max 9.60768e-07	Mean 1.45877e-07	Number of errors 0
S3	Nominal - 
	'000:	Yield	100%
		Min 2.29412e-08	Max 6.7985e-07	Mean 1.14984e-07	Number of errors 0
S3	Nominal - 
	'001:	Yield	100%
		Min 2.06089e-08	Max 7.81557e-07	Mean 1.24319e-07	Number of errors 0
S3	Nominal - 
	'010:	Yield	100%
		Min 2.21018e-08	Max 7.47954e-07	Mean 1.22406e-07	Number of errors 0
S3	Nominal - 
	'011:	Yield	100%
		Min 2.52964e-08	Max 7.99771e-07	Mean 1.30353e-07	Number of errors 0
S3	Nominal - 
	'100:	Yield	100%
		Min 2.24501e-08	Max 8.02859e-07	Mean 1.29825e-07	Number of errors 0
S3	Nominal - 
	'101:	Yield	100%
		Min 1.94372e-08	Max 7.29527e-07	Mean 1.17217e-07	Number of errors 0
S3	Nominal - 
	'110:	Yield	100%
		Min 2.21468e-08	Max 8.09966e-07	Mean 1.30961e-07	Number of errors 0
S3	Nominal - 
	'111:	Yield	100%
		Min 2.01092e-08	Max 7.44736e-07	Mean 1.19007e-07	Number of errors 0

S1
	Overall Yield	100%	Number of points passed	200	Total number of points	200

S2
	Overall Yield	100%	Number of points passed	200	Total number of points	200

S3
	Overall Yield	100%	Number of points passed	200	Total number of points	200

Estimated yield = 100% (200/200), 0 errors
Estimated yield (No opregions) = 100% (200/200)
