Starting Monte Carlo Sampling...

Current time: Fri Apr 19 22:37:04 2024 

Variation: All
Sampling Method: Low-Discrepancy Sequence
Seed: 

MonteCarlo.62
Number of points completed: 200
Number of simulation errors: 0
MonteCarlo.62 completed. 
Current time: Fri Apr 19 23:00:28 2024 
Monte Carlo Sampling yield summary:
Number of spec values are in this yield data: 48
S1	Nominal - 
	'001:	Yield	100%
		Min 3.74902e-08	Max 1.19388e-06	Mean 1.985e-07	Number of errors 0
S1	Nominal - 
	'010:	Yield	100%
		Min 3.42272e-08	Max 1.15808e-06	Mean 1.90021e-07	Number of errors 0
S1	Nominal - 
	'011:	Yield	100%
		Min 3.81193e-08	Max 1.34125e-06	Mean 2.11145e-07	Number of errors 0
S1	Nominal - 
	'100:	Yield	100%
		Min 3.4865e-08	Max 1.22243e-06	Mean 1.99655e-07	Number of errors 0
S1	Nominal - 
	'101:	Yield	100%
		Min 4.04413e-08	Max 1.47081e-06	Mean 2.31223e-07	Number of errors 0
S1	Nominal - 
	'110:	Yield	100%
		Min 4.31254e-08	Max 1.40346e-06	Mean 2.25144e-07	Number of errors 0
S1	Nominal - 
	'111:	Yield	100%
		Min 4.13537e-08	Max 1.36031e-06	Mean 2.15889e-07	Number of errors 0
S1	Nominal - 
	1-000:	Yield	100%
		Min 3.40369e-08	Max 1.09721e-06	Mean 1.82421e-07	Number of errors 0
S2	Nominal - 
	'00000:	Yield	100%
		Min 2.59602e-08	Max 8.41709e-07	Mean 1.36077e-07	Number of errors 0
S2	Nominal - 
	'00001:	Yield	100%
		Min 2.749e-08	Max 9.04908e-07	Mean 1.45808e-07	Number of errors 0
S2	Nominal - 
	'00010:	Yield	100%
		Min 2.95902e-08	Max 9.06859e-07	Mean 1.51006e-07	Number of errors 0
S2	Nominal - 
	'00011:	Yield	100%
		Min 3.07776e-08	Max 8.96691e-07	Mean 1.48203e-07	Number of errors 0
S2	Nominal - 
	'00100:	Yield	100%
		Min 2.49979e-08	Max 8.46312e-07	Mean 1.35578e-07	Number of errors 0
S2	Nominal - 
	'00101:	Yield	100%
		Min 2.49976e-08	Max 8.46283e-07	Mean 1.35576e-07	Number of errors 0
S2	Nominal - 
	'00110:	Yield	100%
		Min 2.45451e-08	Max 7.84785e-07	Mean 1.30411e-07	Number of errors 0
S2	Nominal - 
	'00111:	Yield	100%
		Min 2.4812e-08	Max 8.34266e-07	Mean 1.33055e-07	Number of errors 0
S2	Nominal - 
	'01000:	Yield	100%
		Min 2.3353e-08	Max 8.55581e-07	Mean 1.35684e-07	Number of errors 0
S2	Nominal - 
	'01001:	Yield	100%
		Min 2.33528e-08	Max 8.5557e-07	Mean 1.35682e-07	Number of errors 0
S2	Nominal - 
	'01010:	Yield	100%
		Min 2.29255e-08	Max 7.94052e-07	Mean 1.30535e-07	Number of errors 0
S2	Nominal - 
	'01011:	Yield	100%
		Min 2.33178e-08	Max 8.43588e-07	Mean 1.33309e-07	Number of errors 0
S2	Nominal - 
	'01100:	Yield	100%
		Min 2.73161e-08	Max 8.95981e-07	Mean 1.41567e-07	Number of errors 0
S2	Nominal - 
	'01101:	Yield	100%
		Min 2.79052e-08	Max 9.62938e-07	Mean 1.50046e-07	Number of errors 0
S2	Nominal - 
	'01110:	Yield	100%
		Min 2.94295e-08	Max 1.02626e-06	Mean 1.59793e-07	Number of errors 0
S2	Nominal - 
	'01111:	Yield	100%
		Min 2.84772e-08	Max 1.02994e-06	Mean 1.58535e-07	Number of errors 0
S2	Nominal - 
	'10000:	Yield	100%
		Min 2.26711e-08	Max 8.48337e-07	Mean 1.33926e-07	Number of errors 0
S2	Nominal - 
	'10001:	Yield	100%
		Min 2.26707e-08	Max 8.48284e-07	Mean 1.33922e-07	Number of errors 0
S2	Nominal - 
	'10010:	Yield	100%
		Min 2.22898e-08	Max 7.86758e-07	Mean 1.2879e-07	Number of errors 0
S2	Nominal - 
	'10011:	Yield	100%
		Min 2.28666e-08	Max 8.36432e-07	Mean 1.31799e-07	Number of errors 0
S2	Nominal - 
	'10100:	Yield	100%
		Min 2.23647e-08	Max 8.55409e-07	Mean 1.35058e-07	Number of errors 0
S2	Nominal - 
	'10101:	Yield	100%
		Min 2.23646e-08	Max 8.55386e-07	Mean 1.35055e-07	Number of errors 0
S2	Nominal - 
	'10110:	Yield	100%
		Min 2.19162e-08	Max 7.93856e-07	Mean 1.29906e-07	Number of errors 0
S2	Nominal - 
	'10111:	Yield	100%
		Min 2.21543e-08	Max 8.43331e-07	Mean 1.32525e-07	Number of errors 0
S2	Nominal - 
	'11000:	Yield	100%
		Min 2.48858e-08	Max 9.18775e-07	Mean 1.45418e-07	Number of errors 0
S2	Nominal - 
	'11001:	Yield	100%
		Min 2.48856e-08	Max 9.18772e-07	Mean 1.45417e-07	Number of errors 0
S2	Nominal - 
	'11010:	Yield	100%
		Min 2.4355e-08	Max 8.47115e-07	Mean 1.35991e-07	Number of errors 0
S2	Nominal - 
	'11011:	Yield	100%
		Min 2.46702e-08	Max 8.96613e-07	Mean 1.38678e-07	Number of errors 0
S2	Nominal - 
	'11100:	Yield	100%
		Min 2.55702e-08	Max 9.51964e-07	Mean 1.45308e-07	Number of errors 0
S2	Nominal - 
	'11101:	Yield	100%
		Min 2.52609e-08	Max 9.59078e-07	Mean 1.46419e-07	Number of errors 0
S2	Nominal - 
	'11110:	Yield	100%
		Min 2.52569e-08	Max 9.59081e-07	Mean 1.46417e-07	Number of errors 0
S2	Nominal - 
	'11111:	Yield	100%
		Min 2.49469e-08	Max 9.66197e-07	Mean 1.47528e-07	Number of errors 0
S3	Nominal - 
	'000:	Yield	100%
		Min 2.22552e-08	Max 6.9072e-07	Mean 1.17354e-07	Number of errors 0
S3	Nominal - 
	'001:	Yield	100%
		Min 2.14556e-08	Max 7.92423e-07	Mean 1.27181e-07	Number of errors 0
S3	Nominal - 
	'010:	Yield	100%
		Min 2.29486e-08	Max 7.58818e-07	Mean 1.25267e-07	Number of errors 0
S3	Nominal - 
	'011:	Yield	100%
		Min 2.61447e-08	Max 8.10635e-07	Mean 1.33676e-07	Number of errors 0
S3	Nominal - 
	'100:	Yield	100%
		Min 2.32963e-08	Max 8.13725e-07	Mean 1.3315e-07	Number of errors 0
S3	Nominal - 
	'101:	Yield	100%
		Min 2.02841e-08	Max 7.40393e-07	Mean 1.20542e-07	Number of errors 0
S3	Nominal - 
	'110:	Yield	100%
		Min 2.29937e-08	Max 8.20832e-07	Mean 1.34286e-07	Number of errors 0
S3	Nominal - 
	'111:	Yield	100%
		Min 2.09557e-08	Max 7.55603e-07	Mean 1.22331e-07	Number of errors 0

S1
	Overall Yield	100%	Number of points passed	200	Total number of points	200

S2
	Overall Yield	100%	Number of points passed	200	Total number of points	200

S3
	Overall Yield	100%	Number of points passed	200	Total number of points	200

Estimated yield = 100% (200/200), 0 errors
Estimated yield (No opregions) = 100% (200/200)
